Sauce Cypress Runner 10.4.0
Running Cypress 12.17.2
Preparing npm environment
Finished

DevTools listening on ws://127.0.0.1:49215/devtools/browser/b4cde73d-81c6-4a72-b8f0-c97387e0b5e2
Missing baseUrl in compilerOptions. tsconfig-paths will be skipped

Opening `/dev/tty` failed (6): Device not configured
tput: No value for $TERM and no -T specified
================================================================================

  (Run Starting)

  ┌────────────────────────────────────────────────────────────────────────────────────────────────┐
  │ Cypress:        12.17.2                                                                        │
  │ Browser:        Custom Firefox 104                                                             │
  │ Node Version:   v18.16.1 (/Volumes/Sauce/saucectl-runners/sauce-cypress-runner/10.4.0/bundle/n │
  │                 ode)                                                                           │
  │ Specs:          1 found (nightly.cy.js)                                                        │
  │ Searched:       cypress/e2e/nightly.cy.js                                                      │
  └────────────────────────────────────────────────────────────────────────────────────────────────┘


────────────────────────────────────────────────────────────────────────────────────────────────────
                                                                                                    
  Running:  nightly.cy.js                                                                   (1 of 1)


  testing landing page
    ✓ submit github user and await response
    ✓ check that the user and repo elements are visible
    ✓ clear user input and ensure elements are not visible
    ✓ add user input and submit
    ✓ open Octocat modal, await data response, and close modal
    ✓ get repo root files and load in external tabs
    ✓ click "About HeroDevs" button on home page

  testing about page
    ✓ load modal and ensure element is visible
    ✓ returns home from about page


  9 passing (11s)


  (Results)

  ┌────────────────────────────────────────────────────────────────────────────────────────────────┐
  │ Tests:        9                                                                                │
  │ Passing:      9                                                                                │
  │ Failing:      0                                                                                │
  │ Pending:      0                                                                                │
  │ Skipped:      0                                                                                │
  │ Screenshots:  0                                                                                │
  │ Video:        false                                                                            │
  │ Duration:     10 seconds                                                                       │
  │ Spec Ran:     nightly.cy.js                                                                    │
  └────────────────────────────────────────────────────────────────────────────────────────────────┘


Opening `/dev/tty` failed (6): Device not configured
tput: No value for $TERM and no -T specified
================================================================================

  (Run Finished)


       Spec                                              Tests  Passing  Failing  Pending  Skipped  
  ┌────────────────────────────────────────────────────────────────────────────────────────────────┐
  │ ✔  nightly.cy.js                            00:10        9        9        -        -        - │
  └────────────────────────────────────────────────────────────────────────────────────────────────┘
    ✔  All specs passed!                        00:10        9        9        -        -        -  

