Sauce Cypress Runner 10.4.0
Running Cypress 12.17.2
Preparing npm environment
Finished


DevTools listening on ws://127.0.0.1:49849/devtools/browser/053910a6-eedf-423b-8c02-e313d16bbb5f
Missing baseUrl in compilerOptions. tsconfig-paths will be skipped

====================================================================================================

  (Run Starting)

  ┌────────────────────────────────────────────────────────────────────────────────────────────────┐
  │ Cypress:        12.17.2                                                                        │
  │ Browser:        Custom Chrome 116                                                              │
  │ Node Version:   v18.16.1 (D:\sauce-cypress-runner\10.4.0\bundle\node.exe)                      │
  │ Specs:          1 found (nightly.cy.js)                                                        │
  │ Searched:       cypress/e2e/nightly.cy.js                                                      │
  └────────────────────────────────────────────────────────────────────────────────────────────────┘


────────────────────────────────────────────────────────────────────────────────────────────────────
                                                                                                    
  Running:  nightly.cy.js                                                                   (1 of 1)


  testing landing page
    √ submit github user and await response
    √ check that the user and repo elements are visible
    √ clear user input and ensure elements are not visible
    √ add user input and submit
    √ open Octocat modal, await data response, and close modal
    1) get repo root files and load in external tabs
  39 |   it('get repo root files and load in external tabs', () => {
  40 |     cy.get('[data-cy="submitUser"]').click()
> 41 |     cy.get('[data-cy="repoName"]').click({ multiple: true })
     |                                    ^
  42 |   })
  43 |   
  44 |   it('click "About HeroDevs" button on home page', () => {
Timed out retrying after 4050ms: `cy.click()` failed because this element is not visible:

`<a data-cy="repoName" target="_blank"></a>`

This element `<a>` is not visible because it has an effective width and height of: `0 x 17` pixels.

Fix this problem, or use `{force: true}` to disable error checking.

https://on.cypress.io/element-cannot-be-interacted-with
    √ click "About HeroDevs" button on home page

  testing about page
    √ load modal and ensure element is visible
    √ returns home from about page


  8 passing (15s)
  1 failing

  1) testing landing page
       get repo root files and load in external tabs:
     CypressError: Timed out retrying after 4050ms: `cy.click()` failed because this element is not visible:

`<a data-cy="repoName" target="_blank"></a>`

This element `<a>` is not visible because it has an effective width and height of: `0 x 17` pixels.

Fix this problem, or use `{force: true}` to disable error checking.

https://on.cypress.io/element-cannot-be-interacted-with
      at runVisibilityCheck (http://localhost:8080/__cypress/runner/cypress_runner.js:161606:66)
      at Object.isStrictlyVisible (http://localhost:8080/__cypress/runner/cypress_runner.js:161620:10)
      at runAllChecks (http://localhost:8080/__cypress/runner/cypress_runner.js:140048:26)
      at retryActionability (http://localhost:8080/__cypress/runner/cypress_runner.js:140116:16)
      at tryCatcher (http://localhost:8080/__cypress/runner/cypress_runner.js:18744:23)
      at Promise.attempt.Promise.try (http://localhost:8080/__cypress/runner/cypress_runner.js:16018:29)
      at whenStable (http://localhost:8080/__cypress/runner/cypress_runner.js:156356:65)
      at <unknown> (http://localhost:8080/__cypress/runner/cypress_runner.js:155797:14)
      at tryCatcher (http://localhost:8080/__cypress/runner/cypress_runner.js:18744:23)
      at Promise._settlePromiseFromHandler (http://localhost:8080/__cypress/runner/cypress_runner.js:16679:31)
      at Promise._settlePromise (http://localhost:8080/__cypress/runner/cypress_runner.js:16736:18)
      at Promise._settlePromise0 (http://localhost:8080/__cypress/runner/cypress_runner.js:16781:10)
      at Promise._settlePromises (http://localhost:8080/__cypress/runner/cypress_runner.js:16861:18)
      at Promise._fulfill (http://localhost:8080/__cypress/runner/cypress_runner.js:16805:18)
      at <unknown> (http://localhost:8080/__cypress/runner/cypress_runner.js:18419:46)
  From Your Spec Code:
      at Context.eval (webpack:///./cypress/e2e/nightly.cy.js:41:35)




  (Results)

  ┌────────────────────────────────────────────────────────────────────────────────────────────────┐
  │ Tests:        9                                                                                │
  │ Passing:      8                                                                                │
  │ Failing:      1                                                                                │
  │ Pending:      0                                                                                │
  │ Skipped:      0                                                                                │
  │ Screenshots:  1                                                                                │
  │ Video:        false                                                                            │
  │ Duration:     15 seconds                                                                       │
  │ Spec Ran:     nightly.cy.js                                                                    │
  └────────────────────────────────────────────────────────────────────────────────────────────────┘


  (Screenshots)

  -  D:\sauce-cypress-runner\10.4.0\bundle\__project__\__assets__\nightly.cy.js\testi     (1024x644)
     ng landing page -- get repo root files and load in external tabs (failed).png                  


====================================================================================================

  (Run Finished)


       Spec                                              Tests  Passing  Failing  Pending  Skipped  
  ┌────────────────────────────────────────────────────────────────────────────────────────────────┐
  │ ×  nightly.cy.js                            00:15        9        8        1        -        - │
  └────────────────────────────────────────────────────────────────────────────────────────────────┘
    ×  1 of 1 failed (100%)                     00:15        9        8        1        -        -  

