Sauce Cypress Runner 10.4.0
Running Cypress 12.17.2
Preparing npm environment
Finished

DevTools listening on ws://127.0.0.1:49207/devtools/browser/23311a0a-f8bd-41e8-94e6-8d5af54c8a66
Missing baseUrl in compilerOptions. tsconfig-paths will be skipped

Opening `/dev/tty` failed (6): Device not configured
tput: No value for $TERM and no -T specified
================================================================================

  (Run Starting)

  ┌────────────────────────────────────────────────────────────────────────────────────────────────┐
  │ Cypress:        12.17.2                                                                        │
  │ Browser:        Custom Firefox 104                                                             │
  │ Node Version:   v18.16.1 (/Volumes/Sauce/saucectl-runners/sauce-cypress-runner/10.4.0/bundle/n │
  │                 ode)                                                                           │
  │ Specs:          1 found (nightly.cy.js)                                                        │
  │ Searched:       cypress/e2e/nightly.cy.js                                                      │
  └────────────────────────────────────────────────────────────────────────────────────────────────┘


────────────────────────────────────────────────────────────────────────────────────────────────────
                                                                                                    
  Running:  nightly.cy.js                                                                   (1 of 1)


  testing landing page
    ✓ submit github user and await response
    ✓ check that the user and repo elements are visible
    ✓ clear user input and ensure elements are not visible
    ✓ add user input and submit
    ✓ open Octocat modal, await data response, and close modal
    1) get repo root files and load in external tabs
undefined
Timed out retrying after 4050ms: `cy.click()` failed because this element is not visible:

`<a data-cy="repoName" target="_blank"></a>`

This element `<a>` is not visible because it has an effective width and height of: `0 x 22` pixels.

Fix this problem, or use `{force: true}` to disable error checking.

https://on.cypress.io/element-cannot-be-interacted-with
    ✓ click "About HeroDevs" button on home page

  testing about page
    ✓ load modal and ensure element is visible
    ✓ returns home from about page


  8 passing (16s)
  1 failing

  1) testing landing page
       get repo root files and load in external tabs:
     CypressError: Timed out retrying after 4050ms: `cy.click()` failed because this element is not visible:

`<a data-cy="repoName" target="_blank"></a>`

This element `<a>` is not visible because it has an effective width and height of: `0 x 22` pixels.

Fix this problem, or use `{force: true}` to disable error checking.

https://on.cypress.io/element-cannot-be-interacted-with
  at runVisibilityCheck (http://localhost:8080/__cypress/runner/cypress_runner.js:161606:66)
  at isStrictlyVisible (http://localhost:8080/__cypress/runner/cypress_runner.js:161620:10)
  at runAllChecks (http://localhost:8080/__cypress/runner/cypress_runner.js:140048:26)
  at retryActionability (http://localhost:8080/__cypress/runner/cypress_runner.js:140116:16)
  at tryCatcher (http://localhost:8080/__cypress/runner/cypress_runner.js:18744:23)
  at ../../node_modules/bluebird/js/release/method.js/module.exports/Promise.try (http://localhost:8080/__cypress/runner/cypress_runner.js:16018:29)
  at whenStable (http://localhost:8080/__cypress/runner/cypress_runner.js:156356:62)
  at ../driver/src/cy/retries.ts/create/retry (http://localhost:8080/__cypress/runner/cypress_runner.js:155797:14)
  at tryCatcher (http://localhost:8080/__cypress/runner/cypress_runner.js:18744:23)
  at ../../node_modules/bluebird/js/release/promise.js/</module.exports/Promise.prototype._settlePromiseFromHandler (http://localhost:8080/__cypress/runner/cypress_runner.js:16679:31)
  at ../../node_modules/bluebird/js/release/promise.js/</module.exports/Promise.prototype._settlePromise (http://localhost:8080/__cypress/runner/cypress_runner.js:16736:18)
  at ../../node_modules/bluebird/js/release/promise.js/</module.exports/Promise.prototype._settlePromise0 (http://localhost:8080/__cypress/runner/cypress_runner.js:16781:10)
  at ../../node_modules/bluebird/js/release/promise.js/</module.exports/Promise.prototype._settlePromises (http://localhost:8080/__cypress/runner/cypress_runner.js:16861:18)
  at ../../node_modules/bluebird/js/release/promise.js/</module.exports/Promise.prototype._fulfill (http://localhost:8080/__cypress/runner/cypress_runner.js:16805:18)
  at ../../node_modules/bluebird/js/release/timers.js/module.exports/Promise.delay/handle< (http://localhost:8080/__cypress/runner/cypress_runner.js:18419:46)
  From Your Spec Code:
      at exists (http://localhost:8080/__cypress/runner/cypress_runner.js:140314:8)
      at elExists (http://localhost:8080/__cypress/runner/cypress_runner.js:140329:10)
      at ensureExistence (http://localhost:8080/__cypress/runner/cypress_runner.js:140510:22)
      at onFailFn (http://localhost:8080/__cypress/runner/cypress_runner.js:140539:53)
      at tryCatcher (http://localhost:8080/__cypress/runner/cypress_runner.js:18744:23)
      at ../../node_modules/bluebird/js/release/promise.js/</module.exports/Promise.prototype._settlePromiseFromHandler (http://localhost:8080/__cypress/runner/cypress_runner.js:16679:31)
      at ../../node_modules/bluebird/js/release/promise.js/</module.exports/Promise.prototype._settlePromise (http://localhost:8080/__cypress/runner/cypress_runner.js:16736:18)
      at ../../node_modules/bluebird/js/release/promise.js/</module.exports/Promise.prototype._settlePromise0 (http://localhost:8080/__cypress/runner/cypress_runner.js:16781:10)
      at ../../node_modules/bluebird/js/release/promise.js/</module.exports/Promise.prototype._settlePromises (http://localhost:8080/__cypress/runner/cypress_runner.js:16857:18)
      at _drainQueueStep (http://localhost:8080/__cypress/runner/cypress_runner.js:13451:12)
      at _drainQueue (http://localhost:8080/__cypress/runner/cypress_runner.js:13444:24)
      at ../../node_modules/bluebird/js/release/async.js/</Async.prototype._drainQueues (http://localhost:8080/__cypress/runner/cypress_runner.js:13460:16)
      at ../../node_modules/bluebird/js/release/async.js/</Async/this.drainQueues (http://localhost:8080/__cypress/runner/cypress_runner.js:13330:14)




  (Results)

  ┌────────────────────────────────────────────────────────────────────────────────────────────────┐
  │ Tests:        9                                                                                │
  │ Passing:      8                                                                                │
  │ Failing:      1                                                                                │
  │ Pending:      0                                                                                │
  │ Skipped:      0                                                                                │
  │ Screenshots:  1                                                                                │
  │ Video:        false                                                                            │
  │ Duration:     15 seconds                                                                       │
  │ Spec Ran:     nightly.cy.js                                                                    │
  └────────────────────────────────────────────────────────────────────────────────────────────────┘


  (Screenshots)

  -  /Volumes/Sauce/saucectl-runners/sauce-cypress-runner/10.4.0/bundle/__project__/_     (1024x658)
     _assets__/nightly.cy.js/testing landing page -- get repo root files and load in                
     external tabs (failed).png                                                                     


Opening `/dev/tty` failed (6): Device not configured
tput: No value for $TERM and no -T specified
================================================================================

  (Run Finished)


       Spec                                              Tests  Passing  Failing  Pending  Skipped  
  ┌────────────────────────────────────────────────────────────────────────────────────────────────┐
  │ ✖  nightly.cy.js                            00:15        9        8        1        -        - │
  └────────────────────────────────────────────────────────────────────────────────────────────────┘
    ✖  1 of 1 failed (100%)                     00:15        9        8        1        -        -  

